#
# A fatal error has been detected by the Java Runtime Environment:
#
#  SIGILL (0x4) at pc=0x00007fffbe27728e, pid=3136, tid=2059
#
# JRE version: Java(TM) SE Runtime Environment (8.0_40-b27) (build 1.8.0_40-b27)
# Java VM: Java HotSpot(TM) 64-Bit Server VM (25.40-b25 mixed mode bsd-amd64 compressed oops)
# Problematic frame:
# C  [AppKit+0x3a528e]  -[NSApplication _crashOnException:]+0x6d
#
# Failed to write core dump. Core dumps have been disabled. To enable core dumping, try "ulimit -c unlimited" before starting Java again
#
# If you would like to submit a bug report, please visit:
#   http://bugreport.java.com/bugreport/crash.jsp
# The crash happened outside the Java Virtual Machine in native code.
# See problematic frame for where to report the bug.
#

---------------  T H R E A D  ---------------

Current thread (0x00007fea43868000):  JavaThread "AppKit Thread" daemon [_thread_in_native, id=2059, stack(0x00007fff5cde9000,0x00007fff5d5e9000)]

siginfo: si_signo: 4 (SIGILL), si_code: 1 (ILL_ILLOPC), si_addr: 0x00007fffbe27728e

Registers:
RAX=0x00007fea4448c400, RBX=0x00007fea49289f00, RCX=0x0000000000000001, RDX=0x0000000000000000
RSP=0x00007fff5d5e44d0, RBP=0x00007fff5d5e44e0, RSI=0x00000000000012b8, RDI=0x00007fea49340490
R8 =0x0000000008000100, R9 =0x0000000000000000, R10=0x00007fffdaacbfb8, R11=0x0000000000134bff
R12=0x000000000000002c, R13=0x00007fffbea4fff5, R14=0x00007fffd49d5b40, R15=0x00007fffdaaccf80
RIP=0x00007fffbe27728e, EFLAGS=0x0000000000010206, ERR=0x0000000000000000
  TRAPNO=0x0000000000000006

Top of Stack: (sp=0x00007fff5d5e44d0)
0x00007fff5d5e44d0:   00007fea490af4e0 00007fffbea4f9f2
0x00007fff5d5e44e0:   00007fff5d5e4610 00007fffbe3475ad
0x00007fff5d5e44f0:   00007fea43428b90 00007fffbea4fdf1
0x00007fff5d5e4500:   00007fea43716fc0 00007fea43703010
0x00007fff5d5e4510:   00007fea49289f00 00007fea4920f2e0
0x00007fff5d5e4520:   ffffffffffffffff 00007fff5d5e4560
0x00007fff5d5e4530:   00007fff5d5e4538 000000000000002c
0x00007fff5d5e4540:   0000000000000000 0000000000000000
0x00007fff5d5e4550:   0000000000000000 0000000000000000
0x00007fff5d5e4560:   00007fea49004630 00007fea49208bd0
0x00007fff5d5e4570:   00007fea49011500 00007fea490a8040
0x00007fff5d5e4580:   00007fea490b7520 00007fea4927b3a0
0x00007fff5d5e4590:   00007fea4903c080 00007fea4927b660
0x00007fff5d5e45a0:   00007fea4903c8f0 00007fea49290510
0x00007fff5d5e45b0:   00007fea49059cb0 00007fea4922e900
0x00007fff5d5e45c0:   00007fea49048ab0 00007fea49033d10
0x00007fff5d5e45d0:   00007fea49227f30 00007fea49055420
0x00007fff5d5e45e0:   ab287dd9b6830097 00007fff5d5e4610
0x00007fff5d5e45f0:   00007fea4935aa30 00007fff5d5e4620
0x00007fff5d5e4600:   00007fea49289f00 00007fea43716fc0
0x00007fff5d5e4610:   00007fff5d5e4660 00007fffbe2771fc
0x00007fff5d5e4620:   00007fffc0216bd0 00007fff5d5e4620
0x00007fff5d5e4630:   ab287dd9b6830097 00007fff5d5e4670
0x00007fff5d5e4640:   00007fff5d5e4670 0000000000000000
0x00007fff5d5e4650:   00007fff5d5e4660 00007fea49289f00
0x00007fff5d5e4660:   00007fff5d5e4690 00007fffbe33fdd3
0x00007fff5d5e4670:   00007fff5d5e4a20 0000000000000000
0x00007fff5d5e4680:   0000000000000001 00007fea4342e040
0x00007fff5d5e4690:   00007fff5d5e49a0 00007fffbf7fae9d
0x00007fff5d5e46a0:   00007fea4342e040 00007fffbf7faaea
0x00007fff5d5e46b0:   00007fff5d5e46f0 00007fea437f08b8
0x00007fff5d5e46c0:   0000000000000000 0000000000000002 

Instructions: (pc=0x00007fffbe27728e)
0x00007fffbe27726e:   48 89 c7 ff 15 f9 bd fe 1b 48 8b 35 b2 7b 27 1c
0x00007fffbe27727e:   48 89 c7 ff 15 e9 bd fe 1b 48 89 05 9a d1 2d 1c
0x00007fffbe27728e:   0f 0b 48 89 c7 e8 7c 5c 72 00 31 ff 31 f6 31 c0
0x00007fffbe27729e:   e8 e3 c3 e2 ff e8 90 5c 72 00 48 89 c3 e8 7c 5c 

Register to memory mapping:

RAX=0x00007fea4448c400 is an unknown value
RBX=0x00007fea49289f00 is an unknown value
RCX=0x0000000000000001 is an unknown value
RDX=0x0000000000000000 is an unknown value
RSP=0x00007fff5d5e44d0 is pointing into the stack for thread: 0x00007fea43868000
RBP=0x00007fff5d5e44e0 is pointing into the stack for thread: 0x00007fea43868000
RSI=0x00000000000012b8 is an unknown value
RDI=0x00007fea49340490 is an unknown value
R8 =0x0000000008000100 is an unknown value
R9 =0x0000000000000000 is an unknown value
R10=0x00007fffdaacbfb8: OBJC_CLASS_$___NSCFString+0 in /System/Library/Frameworks/CoreFoundation.framework/Versions/A/CoreFoundation at 0x00007fffc01fa000
R11=0x0000000000134bff is an unknown value
R12=0x000000000000002c is an unknown value
R13=0x00007fffbea4fff5: __NSStyleNameIndexTable+0x6d308 in /System/Library/Frameworks/AppKit.framework/Versions/C/AppKit at 0x00007fffbded2000
R14=0x00007fffd49d5b40: objc_msgSend+0 in /usr/lib/libobjc.A.dylib at 0x00007fffd49cf000
R15=0x00007fffdaaccf80: OBJC_CLASS_$_NSDictionary+0 in /System/Library/Frameworks/CoreFoundation.framework/Versions/A/CoreFoundation at 0x00007fffc01fa000


Stack: [0x00007fff5cde9000,0x00007fff5d5e9000],  sp=0x00007fff5d5e44d0,  free space=8173k
Native frames: (J=compiled Java code, j=interpreted, Vv=VM code, C=native code)
C  [AppKit+0x3a528e]  -[NSApplication _crashOnException:]+0x6d
C  [AppKit+0x4755ad]  -[NSApplication _showException:]+0x2e8
C  [AppKit+0x3a51fc]  -[NSApplication reportException:]+0x167
C  [AppKit+0x46ddd3]  uncaughtErrorProc+0x9e
C  [HIToolbox+0x8e9d]  DispatchEventToHandlers(EventTargetRec*, OpaqueEventRef*, HandlerCallRec*)+0x474
C  [HIToolbox+0x8346]  SendEventToEventTargetInternal(OpaqueEventRef*, OpaqueEventTargetRef*, HandlerCallRec*)+0x1ac
C  [HIToolbox+0x818f]  SendEventToEventTargetWithOptions+0x2b
C  [HIToolbox+0x5ef86]  SendTSMEvent_WithCompletionHandler+0x198
C  [HIToolbox+0x212378]  __SendTextInputEvent_WithCompletionHandler_block_invoke+0x248
C  [HIToolbox+0x210689]  SendTextInputEvent_WithCompletionHandler+0x482
C  [HIToolbox+0x281829]  -[IMKInputSession _postEvent:completionHandler:]+0xb0
C  [HIToolbox+0x291485]  -[IMKInputSession _copyUniCharsForRange:intoBuffer:ofLength:completionHandler:]+0x212
C  [HIToolbox+0x291c0e]  -[IMKInputSession _coreAttributesFromRange:whichAttributes:completionHandler:]+0x119
C  [HIToolbox+0x293bb0]  -[IMKInputSession attributedSubstringFromRange:completionHandler:]+0xba
C  [HIToolbox+0x2843ab]  __61-[IMKInputSession imkxpc_attributedSubstringFromRange:reply:]_block_invoke+0x212
C  [CoreFoundation+0xa73ac]  __CFRUNLOOP_IS_CALLING_OUT_TO_A_BLOCK__+0xc
C  [CoreFoundation+0x88424]  __CFRunLoopDoBlocks+0x164
C  [CoreFoundation+0x87f66]  __CFRunLoopRun+0x756
C  [CoreFoundation+0x875b4]  CFRunLoopRunSpecific+0x1a4
C  [HIToolbox+0x30f6c]  RunCurrentEventLoopInMode+0xf0
C  [HIToolbox+0x30da1]  ReceiveNextEventCommon+0x1b0
C  [HIToolbox+0x30bd6]  _BlockUntilNextEventMatchingListInModeWithFilter+0x47
C  [AppKit+0x475f5]  _DPSNextEvent+0x445
C  [AppKit+0x7578eb]  -[NSApplication(NSEvent) _nextEventMatchingEventMask:untilDate:inMode:dequeue:]+0x665
C  [libosxapp.dylib+0x242a]  -[NSApplicationAWT nextEventMatchingMask:untilDate:inMode:dequeue:]+0x7c
C  [AppKit+0x3bfbd]  -[NSApplication run]+0x39e
C  [libosxapp.dylib+0x223e]  +[NSApplicationAWT runAWTLoopWithApp:]+0x9c
C  [libawt_lwawt.dylib+0x4463b]  -[AWTStarter starter:]+0x389
C  [Foundation+0x71f2a]  __NSThreadPerformPerform+0x146
C  [CoreFoundation+0xa7551]  __CFRUNLOOP_IS_CALLING_OUT_TO_A_SOURCE0_PERFORM_FUNCTION__+0x11
C  [CoreFoundation+0x886bd]  __CFRunLoopDoSources0+0x22d
C  [CoreFoundation+0x87bb6]  __CFRunLoopRun+0x3a6
C  [CoreFoundation+0x875b4]  CFRunLoopRunSpecific+0x1a4
C  [java+0x6490]  CreateExecutionEnvironment+0x367
C  [java+0x221c]  JLI_Launch+0x7a0
C  [java+0x84ed]  main+0x65
C  [java+0x1a74]  start+0x34
C  0x0000000000000005


---------------  P R O C E S S  ---------------

Java Threads: ( => current thread )
  0x00007fea4390f000 JavaThread "DestroyJavaVM" [_thread_blocked, id=7171, stack(0x0000700005904000,0x0000700005a04000)]
  0x00007fea4390e000 JavaThread "Timer-0" [_thread_blocked, id=66859, stack(0x0000700006dc9000,0x0000700006ec9000)]
  0x00007fea43922000 JavaThread "AWT-EventQueue-0" [_thread_in_native, id=61231, stack(0x0000700006cc6000,0x0000700006dc6000)]
  0x00007fea448dc800 JavaThread "Java2D Queue Flusher" daemon [_thread_blocked, id=53767, stack(0x0000700006b40000,0x0000700006c40000)]
  0x00007fea438cc800 JavaThread "Java2D Disposer" daemon [_thread_blocked, id=47155, stack(0x0000700006a3d000,0x0000700006b3d000)]
  0x00007fea450e2800 JavaThread "AWT-Shutdown" [_thread_blocked, id=29471, stack(0x00007000067b1000,0x00007000068b1000)]
=>0x00007fea43868000 JavaThread "AppKit Thread" daemon [_thread_in_native, id=2059, stack(0x00007fff5cde9000,0x00007fff5d5e9000)]
  0x00007fea4386c800 JavaThread "Service Thread" daemon [_thread_blocked, id=18435, stack(0x0000700006528000,0x0000700006628000)]
  0x00007fea4400e800 JavaThread "C1 CompilerThread2" daemon [_thread_blocked, id=17923, stack(0x0000700006425000,0x0000700006525000)]
  0x00007fea4505d000 JavaThread "C2 CompilerThread1" daemon [_thread_blocked, id=17411, stack(0x0000700006322000,0x0000700006422000)]
  0x00007fea44826800 JavaThread "C2 CompilerThread0" daemon [_thread_blocked, id=16899, stack(0x000070000621f000,0x000070000631f000)]
  0x00007fea44826000 JavaThread "Signal Dispatcher" daemon [_thread_blocked, id=16387, stack(0x000070000611c000,0x000070000621c000)]
  0x00007fea44006800 JavaThread "Finalizer" daemon [_thread_blocked, id=12547, stack(0x0000700006019000,0x0000700006119000)]
  0x00007fea44006000 JavaThread "Reference Handler" daemon [_thread_blocked, id=12035, stack(0x0000700005f16000,0x0000700006016000)]

Other Threads:
  0x00007fea44003000 VMThread [stack: 0x0000700005e13000,0x0000700005f13000] [id=11523]
  0x00007fea4500e800 WatcherThread [stack: 0x000070000662b000,0x000070000672b000] [id=18947]

VM state:not at safepoint (normal execution)

VM Mutex/Monitor currently owned by a thread: None

Heap:
 PSYoungGen      total 38400K, used 21741K [0x0000000795580000, 0x0000000798000000, 0x00000007c0000000)
  eden space 33280K, 65% used [0x0000000795580000,0x0000000796abb728,0x0000000797600000)
  from space 5120K, 0% used [0x0000000797b00000,0x0000000797b00000,0x0000000798000000)
  to   space 5120K, 0% used [0x0000000797600000,0x0000000797600000,0x0000000797b00000)
 ParOldGen       total 87552K, used 0K [0x0000000740000000, 0x0000000745580000, 0x0000000795580000)
  object space 87552K, 0% used [0x0000000740000000,0x0000000740000000,0x0000000745580000)
 Metaspace       used 10626K, capacity 10786K, committed 11136K, reserved 1058816K
  class space    used 1238K, capacity 1309K, committed 1408K, reserved 1048576K

Card table byte_map: [0x0000000104329000,0x000000010472a000] byte_map_base: 0x0000000100929000

Marking Bits: (ParMarkBitMap*) 0x00000001038c27a0
 Begin Bits: [0x00000001049d5000, 0x00000001069d5000)
 End Bits:   [0x00000001069d5000, 0x00000001089d5000)

Polling page: 0x00000001026eb000

CodeCache: size=245760Kb used=4098Kb max_used=4109Kb free=241661Kb
 bounds [0x000000010a1bf000, 0x000000010a5cf000, 0x00000001191bf000]
 total_blobs=1680 nmethods=1184 adapters=410
 compilation: enabled

Compilation events (10 events):
Event: 11.626 Thread 0x00007fea4400e800 1179       1       sun.lwawt.LWWindowPeer::getWindowPeerOrSelf (2 bytes)
Event: 11.626 Thread 0x00007fea4400e800 nmethod 1179 0x000000010a5b4050 code [0x000000010a5b41a0, 0x000000010a5b42b0]
Event: 12.300 Thread 0x00007fea44826800 1180       4       sun.java2d.pipe.Region::getIntersectionXYXY (108 bytes)
Event: 12.301 Thread 0x00007fea44826800 nmethod 1180 0x000000010a5b3c50 code [0x000000010a5b3da0, 0x000000010a5b3ed8]
Event: 12.322 Thread 0x00007fea4505d000 1181       4       sun.awt.SunToolkit::targetToAppContext (30 bytes)
Event: 12.325 Thread 0x00007fea4505d000 nmethod 1181 0x000000010a5b3850 code [0x000000010a5b39c0, 0x000000010a5b3ae8]
Event: 12.436 Thread 0x00007fea44826800 1182   !   4       sun.java2d.SunGraphics2D::drawString (132 bytes)
Event: 12.495 Thread 0x00007fea44826800 nmethod 1182 0x000000010a5c20d0 code [0x000000010a5c2440, 0x000000010a5c4528]
Event: 12.853 Thread 0x00007fea4505d000 1183       4       java.util.ArrayList::add (29 bytes)
Event: 12.856 Thread 0x00007fea4505d000 nmethod 1183 0x000000010a5b33d0 code [0x000000010a5b3540, 0x000000010a5b36c8]

GC Heap History (0 events):
No events

Deoptimization events (10 events):
Event: 8.719 Thread 0x00007fea43922000 Uncommon trap: reason=unstable_if action=reinterpret pc=0x000000010a4ff144 method=com.tarena.tetris.Tetris.paintWall(Ljava/awt/Graphics;)V @ 34
Event: 8.719 Thread 0x00007fea43922000 Uncommon trap: reason=unstable_if action=reinterpret pc=0x000000010a565e30 method=sun.awt.image.SurfaceManager.getManager(Ljava/awt/Image;)Lsun/awt/image/SurfaceManager; @ 9
Event: 8.720 Thread 0x00007fea43922000 Uncommon trap: reason=class_check action=maybe_recompile pc=0x000000010a4f9b40 method=sun.java2d.SurfaceData.getTransparency()I @ 4
Event: 8.720 Thread 0x00007fea43922000 Uncommon trap: reason=class_check action=maybe_recompile pc=0x000000010a4f9b40 method=sun.java2d.SurfaceData.getTransparency()I @ 4
Event: 8.720 Thread 0x00007fea43922000 Uncommon trap: reason=unstable_if action=reinterpret pc=0x000000010a555804 method=sun.java2d.loops.RenderCache$Entry.matches(Lsun/java2d/loops/SurfaceType;Lsun/java2d/loops/CompositeType;Lsun/java2d/loops/SurfaceType;)Z @ 5
Event: 8.720 Thread 0x00007fea43922000 Uncommon trap: reason=class_check action=maybe_recompile pc=0x000000010a4f9b40 method=sun.java2d.SurfaceData.getTransparency()I @ 4
Event: 8.720 Thread 0x00007fea43922000 Uncommon trap: reason=unstable_if action=reinterpret pc=0x000000010a54f5c0 method=sun.java2d.opengl.OGLBlitLoops.createPackedParams(ZZZZII)I @ 12
Event: 8.721 Thread 0x00007fea43922000 Uncommon trap: reason=class_check action=maybe_recompile pc=0x000000010a4f9b40 method=sun.java2d.SurfaceData.getTransparency()I @ 4
Event: 8.721 Thread 0x00007fea43922000 Uncommon trap: reason=unstable_if action=reinterpret pc=0x000000010a5149a8 method=sun.java2d.pipe.BufferedContext.validate(Lsun/java2d/pipe/hw/AccelSurface;Lsun/java2d/pipe/hw/AccelSurface;Lsun/java2d/pipe/Region;Ljava/awt/Composite;Ljava/awt/geom/AffineT
Event: 8.794 Thread 0x00007fea43922000 Uncommon trap: reason=unstable_if action=reinterpret pc=0x000000010a4fbaf0 method=com.tarena.tetris.Tetris.paintWall(Ljava/awt/Graphics;)V @ 34

Internal exceptions (10 events):
Event: 0.122 Thread 0x00007fea45003000 Exception <a 'java/security/PrivilegedActionException'> (0x000000079578aea0) thrown at [/Users/java_re/workspace/8-2-build-macosx-x86_64/jdk8u40/3153/hotspot/src/share/vm/prims/jvm.cpp, line 1382]
Event: 0.122 Thread 0x00007fea45003000 Exception <a 'java/security/PrivilegedActionException'> (0x000000079578b058) thrown at [/Users/java_re/workspace/8-2-build-macosx-x86_64/jdk8u40/3153/hotspot/src/share/vm/prims/jvm.cpp, line 1382]
Event: 0.276 Thread 0x00007fea45003000 Exception <a 'java/io/FileNotFoundException'> (0x00000007957953d0) thrown at [/Users/java_re/workspace/8-2-build-macosx-x86_64/jdk8u40/3153/hotspot/src/share/vm/prims/jni.cpp, line 709]
Event: 0.276 Thread 0x00007fea45003000 Exception <a 'java/io/FileNotFoundException'> (0x0000000795795ef8) thrown at [/Users/java_re/workspace/8-2-build-macosx-x86_64/jdk8u40/3153/hotspot/src/share/vm/prims/jni.cpp, line 709]
Event: 0.379 Thread 0x00007fea45003000 Exception <a 'java/lang/NoSuchFieldError': method resolution failed> (0x000000079596d7c8) thrown at [/Users/java_re/workspace/8-2-build-macosx-x86_64/jdk8u40/3153/hotspot/src/share/vm/prims/methodHandles.cpp, line 1125]
Event: 0.384 Thread 0x00007fea45003000 Exception <a 'java/lang/NoSuchFieldError': method resolution failed> (0x000000079597bee8) thrown at [/Users/java_re/workspace/8-2-build-macosx-x86_64/jdk8u40/3153/hotspot/src/share/vm/prims/methodHandles.cpp, line 1125]
Event: 0.498 Thread 0x00007fea45003000 Exception <a 'java/io/FileNotFoundException'> (0x000000079609d060) thrown at [/Users/java_re/workspace/8-2-build-macosx-x86_64/jdk8u40/3153/hotspot/src/share/vm/prims/jni.cpp, line 709]
Event: 4.110 Thread 0x00007fea43868000 Exception <a 'java/lang/NullPointerException'> (0x00000007958751c0) thrown at [/Users/java_re/workspace/8-2-build-macosx-x86_64/jdk8u40/3153/hotspot/src/share/vm/prims/jni.cpp, line 1318]
Event: 8.719 Thread 0x00007fea43922000 Implicit null exception at 0x000000010a56190b to 0x000000010a565d65
Event: 9.969 Thread 0x00007fea43868000 Exception <a 'java/lang/NullPointerException'> (0x0000000795884718) thrown at [/Users/java_re/workspace/8-2-build-macosx-x86_64/jdk8u40/3153/hotspot/src/share/vm/prims/jni.cpp, line 1318]

Events (10 events):
Event: 8.721 Thread 0x00007fea43922000 DEOPT UNPACKING pc=0x000000010a1c4229 sp=0x0000700006dc2bf0 mode 2
Event: 8.794 Thread 0x00007fea43922000 Uncommon trap: trap_request=0xffffff65 fr.pc=0x000000010a4fbaf0
Event: 8.794 Thread 0x00007fea43922000 DEOPT PACKING pc=0x000000010a4fbaf0 sp=0x0000700006dc33b0
Event: 8.794 Thread 0x00007fea43922000 DEOPT UNPACKING pc=0x000000010a1c4229 sp=0x0000700006dc3370 mode 2
Event: 9.173 loading class java/awt/image/BufferedImageOp
Event: 9.173 loading class java/awt/image/BufferedImageOp done
Event: 10.264 Thread 0x00007fea43922000 DEOPT PACKING pc=0x000000010a556a09 sp=0x0000700006dc3410
Event: 10.264 Thread 0x00007fea43922000 DEOPT UNPACKING pc=0x000000010a206633 sp=0x0000700006dc3148 mode 0
Event: 11.414 Thread 0x00007fea43922000 DEOPT PACKING pc=0x000000010a556a42 sp=0x0000700006dc3410
Event: 11.414 Thread 0x00007fea43922000 DEOPT UNPACKING pc=0x000000010a206633 sp=0x0000700006dc3148 mode 0


Dynamic libraries:
0x000000004b085000 	/System/Library/Frameworks/Cocoa.framework/Versions/A/Cocoa
0x000000004b085000 	/System/Library/Frameworks/Security.framework/Versions/A/Security
0x000000004b085000 	/System/Library/Frameworks/ApplicationServices.framework/Versions/A/ApplicationServices
0x000000004b085000 	/usr/lib/libz.1.dylib
0x000000004b085000 	/usr/lib/libSystem.B.dylib
0x000000004b085000 	/usr/lib/libobjc.A.dylib
0x000000004b085000 	/System/Library/Frameworks/CoreFoundation.framework/Versions/A/CoreFoundation
0x000000004b085000 	/System/Library/Frameworks/Foundation.framework/Versions/C/Foundation
0x000000004b085000 	/System/Library/Frameworks/AppKit.framework/Versions/C/AppKit
0x000000004b085000 	/System/Library/Frameworks/CoreData.framework/Versions/A/CoreData
0x000000004b085000 	/System/Library/PrivateFrameworks/RemoteViewServices.framework/Versions/A/RemoteViewServices
0x000000004b085000 	/System/Library/PrivateFrameworks/UIFoundation.framework/Versions/A/UIFoundation
0x000000004b085000 	/usr/lib/libenergytrace.dylib
0x000000004b085000 	/System/Library/PrivateFrameworks/SkyLight.framework/Versions/A/SkyLight
0x000000004b085000 	/System/Library/Frameworks/CoreGraphics.framework/Versions/A/CoreGraphics
0x000000004b085000 	/usr/lib/libScreenReader.dylib
0x000000004b085000 	/System/Library/Frameworks/Accelerate.framework/Versions/A/Accelerate
0x000000004b085000 	/System/Library/Frameworks/IOSurface.framework/Versions/A/IOSurface
0x000000004b085000 	/System/Library/Frameworks/AudioToolbox.framework/Versions/A/AudioToolbox
0x000000004b085000 	/System/Library/Frameworks/AudioUnit.framework/Versions/A/AudioUnit
0x000000004b085000 	/System/Library/PrivateFrameworks/DataDetectorsCore.framework/Versions/A/DataDetectorsCore
0x000000004b085000 	/System/Library/PrivateFrameworks/DesktopServicesPriv.framework/Versions/A/DesktopServicesPriv
0x000000004b085000 	/System/Library/Frameworks/Carbon.framework/Versions/A/Frameworks/HIToolbox.framework/Versions/A/HIToolbox
0x000000004b085000 	/usr/lib/libicucore.A.dylib
0x000000004b085000 	/System/Library/Frameworks/QuartzCore.framework/Versions/A/QuartzCore
0x000000004b085000 	/System/Library/Frameworks/Carbon.framework/Versions/A/Frameworks/SpeechRecognition.framework/Versions/A/SpeechRecognition
0x000000004b085000 	/usr/lib/libauto.dylib
0x000000004b085000 	/usr/lib/libxml2.2.dylib
0x000000004b085000 	/System/Library/PrivateFrameworks/CoreUI.framework/Versions/A/CoreUI
0x000000004b085000 	/System/Library/Frameworks/CoreAudio.framework/Versions/A/CoreAudio
0x000000004b085000 	/System/Library/Frameworks/DiskArbitration.framework/Versions/A/DiskArbitration
0x000000004b085000 	/usr/lib/liblangid.dylib
0x000000004b085000 	/System/Library/PrivateFrameworks/MultitouchSupport.framework/Versions/A/MultitouchSupport
0x000000004b085000 	/System/Library/Frameworks/IOKit.framework/Versions/A/IOKit
0x000000004b085000 	/usr/lib/libDiagnosticMessagesClient.dylib
0x000000004b085000 	/System/Library/Frameworks/CoreServices.framework/Versions/A/CoreServices
0x000000004b085000 	/System/Library/PrivateFrameworks/PerformanceAnalysis.framework/Versions/A/PerformanceAnalysis
0x000000004b085000 	/System/Library/PrivateFrameworks/GenerationalStorage.framework/Versions/A/GenerationalStorage
0x000000004b085000 	/System/Library/Frameworks/OpenGL.framework/Versions/A/OpenGL
0x000000004b085000 	/System/Library/Frameworks/CoreImage.framework/Versions/A/CoreImage
0x000000004b085000 	/System/Library/Frameworks/CoreText.framework/Versions/A/CoreText
0x000000004b085000 	/System/Library/Frameworks/ImageIO.framework/Versions/A/ImageIO
0x000000004b085000 	/System/Library/PrivateFrameworks/Backup.framework/Versions/A/Backup
0x000000004b085000 	/usr/lib/libarchive.2.dylib
0x000000004b085000 	/System/Library/Frameworks/CFNetwork.framework/Versions/A/CFNetwork
0x000000004b085000 	/System/Library/Frameworks/SystemConfiguration.framework/Versions/A/SystemConfiguration
0x000000004b085000 	/usr/lib/libCRFSuite.dylib
0x000000004b085000 	/usr/lib/libc++.1.dylib
0x000000004b085000 	/usr/lib/libc++abi.dylib
0x000000004b085000 	/usr/lib/system/libcache.dylib
0x000000004b085000 	/usr/lib/system/libcommonCrypto.dylib
0x000000004b085000 	/usr/lib/system/libcompiler_rt.dylib
0x000000004b085000 	/usr/lib/system/libcopyfile.dylib
0x000000004b085000 	/usr/lib/system/libcorecrypto.dylib
0x000000004b085000 	/usr/lib/system/libdispatch.dylib
0x000000004b085000 	/usr/lib/system/libdyld.dylib
0x000000004b085000 	/usr/lib/system/libkeymgr.dylib
0x000000004b085000 	/usr/lib/system/liblaunch.dylib
0x000000004b085000 	/usr/lib/system/libmacho.dylib
0x000000004b085000 	/usr/lib/system/libquarantine.dylib
0x000000004b085000 	/usr/lib/system/libremovefile.dylib
0x000000004b085000 	/usr/lib/system/libsystem_asl.dylib
0x000000004b085000 	/usr/lib/system/libsystem_blocks.dylib
0x000000004b085000 	/usr/lib/system/libsystem_c.dylib
0x000000004b085000 	/usr/lib/system/libsystem_configuration.dylib
0x000000004b085000 	/usr/lib/system/libsystem_coreservices.dylib
0x000000004b085000 	/usr/lib/system/libsystem_coretls.dylib
0x000000004b085000 	/usr/lib/system/libsystem_dnssd.dylib
0x000000004b085000 	/usr/lib/system/libsystem_info.dylib
0x000000004b085000 	/usr/lib/system/libsystem_kernel.dylib
0x000000004b085000 	/usr/lib/system/libsystem_m.dylib
0x000000004b085000 	/usr/lib/system/libsystem_malloc.dylib
0x000000004b085000 	/usr/lib/system/libsystem_network.dylib
0x000000004b085000 	/usr/lib/system/libsystem_networkextension.dylib
0x000000004b085000 	/usr/lib/system/libsystem_notify.dylib
0x000000004b085000 	/usr/lib/system/libsystem_platform.dylib
0x000000004b085000 	/usr/lib/system/libsystem_pthread.dylib
0x000000004b085000 	/usr/lib/system/libsystem_sandbox.dylib
0x000000004b085000 	/usr/lib/system/libsystem_secinit.dylib
0x000000004b085000 	/usr/lib/system/libsystem_symptoms.dylib
0x000000004b085000 	/usr/lib/system/libsystem_trace.dylib
0x000000004b085000 	/usr/lib/system/libunwind.dylib
0x000000004b085000 	/usr/lib/system/libxpc.dylib
0x000000004b085000 	/usr/lib/libbsm.0.dylib
0x000000004b085000 	/usr/lib/system/libkxld.dylib
0x000000004b085000 	/usr/lib/libcoretls.dylib
0x000000004b085000 	/usr/lib/libcoretls_cfhelpers.dylib
0x000000004b085000 	/usr/lib/libxar.1.dylib
0x000000004b085000 	/usr/lib/libsqlite3.dylib
0x000000004b085000 	/usr/lib/libpam.2.dylib
0x000000004b085000 	/usr/lib/libOpenScriptingUtil.dylib
0x000000004b085000 	/usr/lib/libbz2.1.0.dylib
0x000000004b085000 	/usr/lib/liblzma.5.dylib
0x000000004b085000 	/usr/lib/libnetwork.dylib
0x000000004b085000 	/usr/lib/libpcap.A.dylib
0x000000004b085000 	/System/Library/Frameworks/CoreServices.framework/Versions/A/Frameworks/FSEvents.framework/Versions/A/FSEvents
0x000000004b085000 	/System/Library/Frameworks/CoreServices.framework/Versions/A/Frameworks/CarbonCore.framework/Versions/A/CarbonCore
0x000000004b085000 	/System/Library/Frameworks/CoreServices.framework/Versions/A/Frameworks/Metadata.framework/Versions/A/Metadata
0x000000004b085000 	/System/Library/Frameworks/CoreServices.framework/Versions/A/Frameworks/OSServices.framework/Versions/A/OSServices
0x000000004b085000 	/System/Library/Frameworks/CoreServices.framework/Versions/A/Frameworks/SearchKit.framework/Versions/A/SearchKit
0x000000004b085000 	/System/Library/Frameworks/CoreServices.framework/Versions/A/Frameworks/AE.framework/Versions/A/AE
0x000000004b085000 	/System/Library/Frameworks/CoreServices.framework/Versions/A/Frameworks/LaunchServices.framework/Versions/A/LaunchServices
0x000000004b085000 	/System/Library/Frameworks/CoreServices.framework/Versions/A/Frameworks/DictionaryServices.framework/Versions/A/DictionaryServices
0x000000004b085000 	/System/Library/Frameworks/CoreServices.framework/Versions/A/Frameworks/SharedFileList.framework/Versions/A/SharedFileList
0x000000004b085000 	/System/Library/Frameworks/NetFS.framework/Versions/A/NetFS
0x000000004b085000 	/System/Library/PrivateFrameworks/NetAuth.framework/Versions/A/NetAuth
0x000000004b085000 	/System/Library/PrivateFrameworks/login.framework/Versions/A/Frameworks/loginsupport.framework/Versions/A/loginsupport
0x000000004b085000 	/System/Library/PrivateFrameworks/TCC.framework/Versions/A/TCC
0x000000004b085000 	/usr/lib/libmecabra.dylib
0x000000004b085000 	/System/Library/Frameworks/ApplicationServices.framework/Versions/A/Frameworks/ATS.framework/Versions/A/ATS
0x000000004b085000 	/System/Library/Frameworks/ApplicationServices.framework/Versions/A/Frameworks/ColorSync.framework/Versions/A/ColorSync
0x000000004b085000 	/System/Library/Frameworks/ApplicationServices.framework/Versions/A/Frameworks/HIServices.framework/Versions/A/HIServices
0x000000004b085000 	/System/Library/Frameworks/ApplicationServices.framework/Versions/A/Frameworks/LangAnalysis.framework/Versions/A/LangAnalysis
0x000000004b085000 	/System/Library/Frameworks/ApplicationServices.framework/Versions/A/Frameworks/PrintCore.framework/Versions/A/PrintCore
0x000000004b085000 	/System/Library/Frameworks/ApplicationServices.framework/Versions/A/Frameworks/QD.framework/Versions/A/QD
0x000000004b085000 	/System/Library/Frameworks/ApplicationServices.framework/Versions/A/Frameworks/SpeechSynthesis.framework/Versions/A/SpeechSynthesis
0x000000004b085000 	/System/Library/Frameworks/Accelerate.framework/Versions/A/Frameworks/vImage.framework/Versions/A/vImage
0x000000004b085000 	/System/Library/Frameworks/Accelerate.framework/Versions/A/Frameworks/vecLib.framework/Versions/A/vecLib
0x000000004b085000 	/System/Library/Frameworks/Accelerate.framework/Versions/A/Frameworks/vecLib.framework/Versions/A/libvDSP.dylib
0x000000004b085000 	/System/Library/Frameworks/Accelerate.framework/Versions/A/Frameworks/vecLib.framework/Versions/A/libBNNS.dylib
0x000000004b085000 	/System/Library/Frameworks/Accelerate.framework/Versions/A/Frameworks/vecLib.framework/Versions/A/libQuadrature.dylib
0x000000004b085000 	/System/Library/Frameworks/Accelerate.framework/Versions/A/Frameworks/vecLib.framework/Versions/A/libvMisc.dylib
0x000000004b085000 	/System/Library/Frameworks/Accelerate.framework/Versions/A/Frameworks/vecLib.framework/Versions/A/libLAPACK.dylib
0x000000004b085000 	/System/Library/Frameworks/Accelerate.framework/Versions/A/Frameworks/vecLib.framework/Versions/A/libBLAS.dylib
0x000000004b085000 	/System/Library/Frameworks/Accelerate.framework/Versions/A/Frameworks/vecLib.framework/Versions/A/libLinearAlgebra.dylib
0x000000004b085000 	/System/Library/Frameworks/Accelerate.framework/Versions/A/Frameworks/vecLib.framework/Versions/A/libSparseBLAS.dylib
0x000000004b085000 	/System/Library/Frameworks/ApplicationServices.framework/Versions/A/Frameworks/ATS.framework/Versions/A/Resources/libFontParser.dylib
0x000000004b085000 	/System/Library/Frameworks/ApplicationServices.framework/Versions/A/Frameworks/ATS.framework/Versions/A/Resources/libFontRegistry.dylib
0x000000004b085000 	/System/Library/Frameworks/ImageIO.framework/Versions/A/Resources/libJPEG.dylib
0x000000004b085000 	/System/Library/Frameworks/ImageIO.framework/Versions/A/Resources/libTIFF.dylib
0x000000004b085000 	/System/Library/Frameworks/ImageIO.framework/Versions/A/Resources/libPng.dylib
0x000000004b085000 	/System/Library/Frameworks/ImageIO.framework/Versions/A/Resources/libGIF.dylib
0x000000004b085000 	/System/Library/Frameworks/ImageIO.framework/Versions/A/Resources/libJP2.dylib
0x000000004b085000 	/System/Library/Frameworks/ImageIO.framework/Versions/A/Resources/libRadiance.dylib
0x000000004b085000 	/usr/lib/libcompression.dylib
0x000000004b085000 	/System/Library/PrivateFrameworks/AppleJPEG.framework/Versions/A/AppleJPEG
0x000000004b085000 	/usr/lib/libcups.2.dylib
0x000000004b085000 	/System/Library/Frameworks/Kerberos.framework/Versions/A/Kerberos
0x000000004b085000 	/System/Library/Frameworks/GSS.framework/Versions/A/GSS
0x000000004b085000 	/usr/lib/libresolv.9.dylib
0x000000004b085000 	/usr/lib/libiconv.2.dylib
0x000000004b085000 	/System/Library/PrivateFrameworks/Heimdal.framework/Versions/A/Heimdal
0x000000004b085000 	/usr/lib/libheimdal-asn1.dylib
0x000000004b085000 	/System/Library/Frameworks/OpenDirectory.framework/Versions/A/OpenDirectory
0x000000004b085000 	/System/Library/PrivateFrameworks/CommonAuth.framework/Versions/A/CommonAuth
0x000000004b085000 	/System/Library/Frameworks/OpenDirectory.framework/Versions/A/Frameworks/CFOpenDirectory.framework/Versions/A/CFOpenDirectory
0x000000004b085000 	/System/Library/Frameworks/SecurityFoundation.framework/Versions/A/SecurityFoundation
0x000000004b085000 	/System/Library/PrivateFrameworks/LanguageModeling.framework/Versions/A/LanguageModeling
0x000000004b085000 	/usr/lib/libmarisa.dylib
0x000000004b085000 	/usr/lib/libChineseTokenizer.dylib
0x000000004b085000 	/usr/lib/libcmph.dylib
0x000000004b085000 	/System/Library/PrivateFrameworks/CoreEmoji.framework/Versions/A/CoreEmoji
0x000000004b085000 	/System/Library/Frameworks/ServiceManagement.framework/Versions/A/ServiceManagement
0x000000004b085000 	/usr/lib/libxslt.1.dylib
0x000000004b085000 	/System/Library/Frameworks/Carbon.framework/Versions/A/Frameworks/Ink.framework/Versions/A/Ink
0x000000004b085000 	/System/Library/PrivateFrameworks/TextureIO.framework/Versions/A/TextureIO
0x000000004b085000 	/System/Library/Frameworks/Metal.framework/Versions/A/Metal
0x000000004b085000 	/usr/lib/libate.dylib
0x000000004b085000 	/System/Library/PrivateFrameworks/GPUCompiler.framework/libmetal_timestamp.dylib
0x000000004b085000 	/System/Library/Frameworks/OpenGL.framework/Versions/A/Libraries/libCoreFSCache.dylib
0x000000004b085000 	/System/Library/PrivateFrameworks/IOAccelerator.framework/Versions/A/IOAccelerator
0x000000004b085000 	/System/Library/Frameworks/CoreVideo.framework/Versions/A/CoreVideo
0x000000004b085000 	/usr/lib/libFosl_dynamic.dylib
0x000000004b085000 	/System/Library/PrivateFrameworks/MetalPerformanceShaders.framework/Versions/A/MetalPerformanceShaders
0x000000004b085000 	/System/Library/PrivateFrameworks/FaceCore.framework/Versions/A/FaceCore
0x000000004b085000 	/System/Library/Frameworks/OpenCL.framework/Versions/A/OpenCL
0x000000004b085000 	/System/Library/Frameworks/OpenGL.framework/Versions/A/Libraries/libGLU.dylib
0x000000004b085000 	/System/Library/Frameworks/OpenGL.framework/Versions/A/Libraries/libGFXShared.dylib
0x000000004b085000 	/System/Library/Frameworks/OpenGL.framework/Versions/A/Libraries/libGL.dylib
0x000000004b085000 	/System/Library/Frameworks/OpenGL.framework/Versions/A/Libraries/libGLImage.dylib
0x000000004b085000 	/System/Library/Frameworks/OpenGL.framework/Versions/A/Libraries/libCVMSPluginSupport.dylib
0x000000004b085000 	/System/Library/Frameworks/OpenGL.framework/Versions/A/Libraries/libCoreVMClient.dylib
0x000000004b085000 	/System/Library/PrivateFrameworks/CrashReporterSupport.framework/Versions/A/CrashReporterSupport
0x000000004b085000 	/System/Library/PrivateFrameworks/Sharing.framework/Versions/A/Sharing
0x000000004b085000 	/System/Library/PrivateFrameworks/IconServices.framework/Versions/A/IconServices
0x000000004b085000 	/System/Library/PrivateFrameworks/ProtocolBuffer.framework/Versions/A/ProtocolBuffer
0x000000004b085000 	/System/Library/PrivateFrameworks/Apple80211.framework/Versions/A/Apple80211
0x000000004b085000 	/System/Library/Frameworks/CoreWLAN.framework/Versions/A/CoreWLAN
0x000000004b085000 	/System/Library/PrivateFrameworks/CoreUtils.framework/Versions/A/CoreUtils
0x000000004b085000 	/System/Library/Frameworks/IOBluetooth.framework/Versions/A/IOBluetooth
0x000000004b085000 	/System/Library/PrivateFrameworks/CoreWiFi.framework/Versions/A/CoreWiFi
0x000000004b085000 	/System/Library/Frameworks/CoreBluetooth.framework/Versions/A/CoreBluetooth
0x000000004b085000 	/System/Library/Frameworks/CoreDisplay.framework/Versions/A/CoreDisplay
0x000000004b085000 	/System/Library/PrivateFrameworks/IOPresentment.framework/Versions/A/IOPresentment
0x000000004b085000 	/System/Library/PrivateFrameworks/DebugSymbols.framework/Versions/A/DebugSymbols
0x000000004b085000 	/System/Library/PrivateFrameworks/CoreSymbolication.framework/Versions/A/CoreSymbolication
0x000000004b085000 	/System/Library/PrivateFrameworks/Symbolication.framework/Versions/A/Symbolication
0x000000004b085000 	/System/Library/PrivateFrameworks/AppleFSCompression.framework/Versions/A/AppleFSCompression
0x000000004b085000 	/System/Library/PrivateFrameworks/SpeechRecognitionCore.framework/Versions/A/SpeechRecognitionCore
0x000000004b085000 	/System/Library/PrivateFrameworks/ChunkingLibrary.framework/Versions/A/ChunkingLibrary
0x0000000102664000 	/System/Library/CoreServices/Encodings/libSimplifiedChineseConverter.dylib
0x0000000103000000 	/Library/Java/JavaVirtualMachines/jdk1.8.0_40.jdk/Contents/Home/jre/lib/server/libjvm.dylib
0x000000004b085000 	/usr/lib/libstdc++.6.dylib
0x00000001026a8000 	/Library/Java/JavaVirtualMachines/jdk1.8.0_40.jdk/Contents/Home/jre/lib/libverify.dylib
0x00000001026b6000 	/Library/Java/JavaVirtualMachines/jdk1.8.0_40.jdk/Contents/Home/jre/lib/libjava.dylib
0x00000001026f5000 	/Library/Java/JavaVirtualMachines/jdk1.8.0_40.jdk/Contents/Home/jre/lib/libzip.dylib
0x000000010a0cf000 	/System/Library/Frameworks/JavaVM.framework/Frameworks/JavaRuntimeSupport.framework/JavaRuntimeSupport
0x000000010a0e9000 	/System/Library/Frameworks/JavaVM.framework/Versions/A/Frameworks/JavaNativeFoundation.framework/Versions/A/JavaNativeFoundation
0x000000010a0fe000 	/System/Library/Frameworks/JavaVM.framework/Versions/A/JavaVM
0x000000004b085000 	/System/Library/Frameworks/Carbon.framework/Versions/A/Carbon
0x000000010a10b000 	/System/Library/PrivateFrameworks/JavaLaunching.framework/Versions/A/JavaLaunching
0x000000004b085000 	/System/Library/Frameworks/Carbon.framework/Versions/A/Frameworks/CommonPanels.framework/Versions/A/CommonPanels
0x000000004b085000 	/System/Library/Frameworks/Carbon.framework/Versions/A/Frameworks/Help.framework/Versions/A/Help
0x000000004b085000 	/System/Library/Frameworks/Carbon.framework/Versions/A/Frameworks/ImageCapture.framework/Versions/A/ImageCapture
0x000000004b085000 	/System/Library/Frameworks/Carbon.framework/Versions/A/Frameworks/OpenScripting.framework/Versions/A/OpenScripting
0x000000004b085000 	/System/Library/Frameworks/Carbon.framework/Versions/A/Frameworks/Print.framework/Versions/A/Print
0x000000004b085000 	/System/Library/Frameworks/Carbon.framework/Versions/A/Frameworks/SecurityHI.framework/Versions/A/SecurityHI
0x000000011b1b5000 	/Library/Java/JavaVirtualMachines/jdk1.8.0_40.jdk/Contents/Home/jre/lib/libawt.dylib
0x000000011b25d000 	/Library/Java/JavaVirtualMachines/jdk1.8.0_40.jdk/Contents/Home/jre/lib/./libmlib_image.dylib
0x000000011b329000 	/Library/Java/JavaVirtualMachines/jdk1.8.0_40.jdk/Contents/Home/jre/lib/libawt_lwawt.dylib
0x000000011b3dd000 	/Library/Java/JavaVirtualMachines/jdk1.8.0_40.jdk/Contents/Home/jre/lib/./libosxapp.dylib
0x000000004b085000 	/System/Library/Frameworks/ExceptionHandling.framework/Versions/A/ExceptionHandling
0x000000004b085000 	/System/Library/PrivateFrameworks/CoreServicesInternal.framework/Versions/A/CoreServicesInternal
0x000000004b085000 	/System/Library/CoreServices/RawCamera.bundle/Contents/MacOS/RawCamera
0x000000004b085000 	/System/Library/Frameworks/Accelerate.framework/Versions/A/Frameworks/vImage.framework/Versions/A/Libraries/libCGInterfaces.dylib
0x000000004b085000 	/System/Library/Frameworks/ApplicationServices.framework/Versions/A/Frameworks/ATS.framework/Versions/A/Resources/libTrueTypeScaler.dylib
0x000000004b085000 	/System/Library/Frameworks/OpenGL.framework/Versions/A/Resources/GLEngine.bundle/GLEngine
0x000000004b085000 	/System/Library/Frameworks/OpenGL.framework/Versions/A/Libraries/libGLProgrammability.dylib
0x000000011d384000 	/System/Library/Extensions/AppleIntelBDWGraphicsGLDriver.bundle/Contents/MacOS/AppleIntelBDWGraphicsGLDriver
0x000000004b085000 	/System/Library/PrivateFrameworks/GPUSupport.framework/Versions/A/Libraries/libGPUSupportMercury.dylib
0x000000004b085000 	/System/Library/Frameworks/OpenGL.framework/Versions/A/Resources/GLRendererFloat.bundle/GLRendererFloat
0x000000004b085000 	/System/Library/Frameworks/OpenCL.framework/Versions/A/Libraries/libcldcpuengine.dylib
0x000000004b085000 	/usr/lib/libcrypto.0.9.8.dylib
0x000000004b085000 	/System/Library/PrivateFrameworks/TrustEvaluationAgent.framework/Versions/A/TrustEvaluationAgent
0x000000011db00000 	/System/Library/Extensions/AppleIntelBDWGraphicsMTLDriver.bundle/Contents/MacOS/AppleIntelBDWGraphicsMTLDriver
0x000000004b085000 	/System/Library/PrivateFrameworks/FamilyControls.framework/Versions/A/FamilyControls
0x000000004b085000 	/System/Library/PrivateFrameworks/CommerceKit.framework/Versions/A/Frameworks/CommerceCore.framework/Versions/A/CommerceCore
0x000000004b085000 	/System/Library/PrivateFrameworks/SystemAdministration.framework/Versions/A/SystemAdministration
0x000000004b085000 	/System/Library/PrivateFrameworks/AppContainer.framework/Versions/A/AppContainer
0x000000004b085000 	/System/Library/PrivateFrameworks/SecCodeWrapper.framework/Versions/A/SecCodeWrapper
0x000000004b085000 	/System/Library/Frameworks/DirectoryService.framework/Versions/A/DirectoryService
0x000000004b085000 	/System/Library/PrivateFrameworks/DiskImages.framework/Versions/A/DiskImages
0x000000004b085000 	/System/Library/PrivateFrameworks/LoginUIKit.framework/Versions/A/Frameworks/LoginUICore.framework/Versions/A/LoginUICore
0x000000004b085000 	/usr/lib/libCoreStorage.dylib
0x000000004b085000 	/usr/lib/libcsfde.dylib
0x000000004b085000 	/usr/lib/libodfde.dylib
0x000000004b085000 	/System/Library/Frameworks/DiscRecording.framework/Versions/A/DiscRecording
0x000000004b085000 	/usr/lib/libcurl.4.dylib
0x000000004b085000 	/System/Library/PrivateFrameworks/MediaKit.framework/Versions/A/MediaKit
0x000000004b085000 	/System/Library/PrivateFrameworks/ProtectedCloudStorage.framework/Versions/A/ProtectedCloudStorage
0x000000004b085000 	/System/Library/PrivateFrameworks/EFILogin.framework/Versions/A/EFILogin
0x000000004b085000 	/usr/lib/libutil.dylib
0x000000004b085000 	/System/Library/Frameworks/LDAP.framework/Versions/A/LDAP
0x000000004b085000 	/usr/lib/libsasl2.2.dylib
0x000000004b085000 	/System/Library/PrivateFrameworks/CoreDaemon.framework/Versions/B/CoreDaemon
0x000000004b085000 	/System/Library/PrivateFrameworks/AppleSRP.framework/Versions/A/AppleSRP
0x000000004b085000 	/System/Library/PrivateFrameworks/APFS.framework/Versions/A/APFS
0x000000011ba18000 	/Library/Java/JavaVirtualMachines/jdk1.8.0_40.jdk/Contents/Home/jre/lib/libnio.dylib
0x000000011effd000 	/Library/Java/JavaVirtualMachines/jdk1.8.0_40.jdk/Contents/Home/jre/lib/./libnet.dylib
0x000000004b085000 	/System/Library/PrivateFrameworks/ViewBridge.framework/Versions/A/ViewBridge
0x000000004b085000 	/System/Library/PrivateFrameworks/XPCService.framework/Versions/A/XPCService
0x000000004b085000 	/System/Library/PrivateFrameworks/AppSandbox.framework/Versions/A/AppSandbox
0x000000004b085000 	/usr/lib/libsandbox.1.dylib
0x000000004b085000 	/usr/lib/libMatch.1.dylib
0x000000011f888000 	/Library/Java/JavaVirtualMachines/jdk1.8.0_40.jdk/Contents/Home/jre/lib/libfontmanager.dylib
0x000000011f8ef000 	/Library/Java/JavaVirtualMachines/jdk1.8.0_40.jdk/Contents/Home/jre/lib/libosxui.dylib

VM Arguments:
jvm_args: -Dfile.encoding=UTF-8 
java_command: com.tarena.tetris.Tetris
java_class_path (initial): /Users/qinting/Desktop/smallProject/TETRIS/bin
Launcher Type: SUN_STANDARD

Environment Variables:
PATH=/usr/bin:/bin:/usr/sbin:/sbin
SHELL=/bin/bash

Signal Handlers:
SIGSEGV: [libjvm.dylib+0x58ef95], sa_mask[0]=11111111011111110111111111111111, sa_flags=SA_ONSTACK|SA_RESTART|SA_SIGINFO
SIGBUS: [libjvm.dylib+0x58ef95], sa_mask[0]=11111111011111110111111111111111, sa_flags=SA_RESTART|SA_SIGINFO
SIGFPE: [libjvm.dylib+0x46c118], sa_mask[0]=11111111011111110111111111111111, sa_flags=SA_RESTART|SA_SIGINFO
SIGPIPE: [libjvm.dylib+0x46c118], sa_mask[0]=11111111011111110111111111111111, sa_flags=SA_RESTART|SA_SIGINFO
SIGXFSZ: [libjvm.dylib+0x46c118], sa_mask[0]=11111111011111110111111111111111, sa_flags=SA_RESTART|SA_SIGINFO
SIGILL: [libjvm.dylib+0x46c118], sa_mask[0]=11111111011111110111111111111111, sa_flags=SA_RESTART|SA_SIGINFO
SIGUSR1: SIG_DFL, sa_mask[0]=00000000000000000000000000000000, sa_flags=none
SIGUSR2: [libjvm.dylib+0x46bc36], sa_mask[0]=00100000000000000000000000000000, sa_flags=SA_RESTART|SA_SIGINFO
SIGHUP: [libjvm.dylib+0x46a209], sa_mask[0]=11111111011111110111111111111111, sa_flags=SA_RESTART|SA_SIGINFO
SIGINT: [libjvm.dylib+0x46a209], sa_mask[0]=11111111011111110111111111111111, sa_flags=SA_RESTART|SA_SIGINFO
SIGTERM: [libjvm.dylib+0x46a209], sa_mask[0]=11111111011111110111111111111111, sa_flags=SA_RESTART|SA_SIGINFO
SIGQUIT: [libjvm.dylib+0x46a209], sa_mask[0]=11111111011111110111111111111111, sa_flags=SA_RESTART|SA_SIGINFO


---------------  S Y S T E M  ---------------

OS:Bsduname:Darwin 16.0.0 Darwin Kernel Version 16.0.0: Mon Aug 29 17:56:20 PDT 2016; root:xnu-3789.1.32~3/RELEASE_X86_64 x86_64
rlimit: STACK 8192k, CORE 0k, NPROC 709, NOFILE 10240, AS infinity
load average:2.39 2.22 2.30

CPU:total 4 (2 cores per cpu, 2 threads per core) family 6 model 61 stepping 4, cmov, cx8, fxsr, mmx, sse, sse2, sse3, ssse3, sse4.1, sse4.2, popcnt, avx, avx2, aes, clmul, erms, 3dnowpref, lzcnt, ht, tsc, tscinvbit, bmi1, bmi2, adx

Memory: 4k page, physical 8388608k(261996k free)

/proc/meminfo:


vm_info: Java HotSpot(TM) 64-Bit Server VM (25.40-b25) for bsd-amd64 JRE (1.8.0_40-b27), built on Mar 13 2015 04:46:52 by "java_re" with gcc 4.2.1 (Based on Apple Inc. build 5658) (LLVM build 2336.11.00)

time: Tue Nov 22 17:25:29 2016
elapsed time: 13 seconds (0d 0h 0m 13s)

